E:\jitsi\work(razor)\bizgaze_meeting-master(latest-from-gyongbom)\bizgaze_meeting-master(latest-from-gyongbom)_in_trial\videoconf\scripts\build\enum\MediaType.js
E:\jitsi\work(razor)\bizgaze_meeting-master(latest-from-gyongbom)\bizgaze_meeting-master(latest-from-gyongbom)_in_trial\videoconf\scripts\build\enum\MediaType.js.map
E:\jitsi\work(razor)\bizgaze_meeting-master(latest-from-gyongbom)\bizgaze_meeting-master(latest-from-gyongbom)_in_trial\videoconf\scripts\build\jitsi\JitsiTrack.js
E:\jitsi\work(razor)\bizgaze_meeting-master(latest-from-gyongbom)\bizgaze_meeting-master(latest-from-gyongbom)_in_trial\videoconf\scripts\build\jitsi\JitsiTrack.js.map
E:\jitsi\work(razor)\bizgaze_meeting-master(latest-from-gyongbom)\bizgaze_meeting-master(latest-from-gyongbom)_in_trial\videoconf\scripts\build\util\snippet.js
E:\jitsi\work(razor)\bizgaze_meeting-master(latest-from-gyongbom)\bizgaze_meeting-master(latest-from-gyongbom)_in_trial\videoconf\scripts\build\util\snippet.js.map
E:\jitsi\work(razor)\bizgaze_meeting-master(latest-from-gyongbom)\bizgaze_meeting-master(latest-from-gyongbom)_in_trial\videoconf\scripts\build\enum\MeetingType.js
E:\jitsi\work(razor)\bizgaze_meeting-master(latest-from-gyongbom)\bizgaze_meeting-master(latest-from-gyongbom)_in_trial\videoconf\scripts\build\enum\MeetingType.js.map
E:\jitsi\work(razor)\bizgaze_meeting-master(latest-from-gyongbom)\bizgaze_meeting-master(latest-from-gyongbom)_in_trial\videoconf\scripts\build\enum\ChannelType.js
E:\jitsi\work(razor)\bizgaze_meeting-master(latest-from-gyongbom)\bizgaze_meeting-master(latest-from-gyongbom)_in_trial\videoconf\scripts\build\enum\ChannelType.js.map
E:\jitsi\work(razor)\bizgaze_meeting-master(latest-from-gyongbom)\bizgaze_meeting-master(latest-from-gyongbom)_in_trial\videoconf\scripts\build\enum\ParticipantType.js
E:\jitsi\work(razor)\bizgaze_meeting-master(latest-from-gyongbom)\bizgaze_meeting-master(latest-from-gyongbom)_in_trial\videoconf\scripts\build\enum\ParticipantType.js.map
E:\jitsi\work(razor)\bizgaze_meeting-master(latest-from-gyongbom)\bizgaze_meeting-master(latest-from-gyongbom)_in_trial\videoconf\scripts\build\model\BGMeeting.js
E:\jitsi\work(razor)\bizgaze_meeting-master(latest-from-gyongbom)\bizgaze_meeting-master(latest-from-gyongbom)_in_trial\videoconf\scripts\build\model\BGMeeting.js.map
E:\jitsi\work(razor)\bizgaze_meeting-master(latest-from-gyongbom)\bizgaze_meeting-master(latest-from-gyongbom)_in_trial\videoconf\scripts\build\lobby.js
E:\jitsi\work(razor)\bizgaze_meeting-master(latest-from-gyongbom)\bizgaze_meeting-master(latest-from-gyongbom)_in_trial\videoconf\scripts\build\lobby.js.map
E:\jitsi\work(razor)\bizgaze_meeting-master(latest-from-gyongbom)\bizgaze_meeting-master(latest-from-gyongbom)_in_trial\videoconf\scripts\build\protocol\bg.js
E:\jitsi\work(razor)\bizgaze_meeting-master(latest-from-gyongbom)\bizgaze_meeting-master(latest-from-gyongbom)_in_trial\videoconf\scripts\build\protocol\bg.js.map
E:\jitsi\work(razor)\bizgaze_meeting-master(latest-from-gyongbom)\bizgaze_meeting-master(latest-from-gyongbom)_in_trial\videoconf\scripts\build\jitsi\JitsiParticipant.js
E:\jitsi\work(razor)\bizgaze_meeting-master(latest-from-gyongbom)\bizgaze_meeting-master(latest-from-gyongbom)_in_trial\videoconf\scripts\build\jitsi\JitsiParticipant.js.map
E:\jitsi\work(razor)\bizgaze_meeting-master(latest-from-gyongbom)\bizgaze_meeting-master(latest-from-gyongbom)_in_trial\videoconf\scripts\build\model\InputDevicePolicy.js
E:\jitsi\work(razor)\bizgaze_meeting-master(latest-from-gyongbom)\bizgaze_meeting-master(latest-from-gyongbom)_in_trial\videoconf\scripts\build\model\InputDevicePolicy.js.map
E:\jitsi\work(razor)\bizgaze_meeting-master(latest-from-gyongbom)\bizgaze_meeting-master(latest-from-gyongbom)_in_trial\videoconf\scripts\build\model\BGUser.js
E:\jitsi\work(razor)\bizgaze_meeting-master(latest-from-gyongbom)\bizgaze_meeting-master(latest-from-gyongbom)_in_trial\videoconf\scripts\build\model\BGUser.js.map
E:\jitsi\work(razor)\bizgaze_meeting-master(latest-from-gyongbom)\bizgaze_meeting-master(latest-from-gyongbom)_in_trial\videoconf\scripts\build\components\vector_icon.js
E:\jitsi\work(razor)\bizgaze_meeting-master(latest-from-gyongbom)\bizgaze_meeting-master(latest-from-gyongbom)_in_trial\videoconf\scripts\build\components\vector_icon.js.map
E:\jitsi\work(razor)\bizgaze_meeting-master(latest-from-gyongbom)\bizgaze_meeting-master(latest-from-gyongbom)_in_trial\videoconf\scripts\build\enum\UserProperty.js
E:\jitsi\work(razor)\bizgaze_meeting-master(latest-from-gyongbom)\bizgaze_meeting-master(latest-from-gyongbom)_in_trial\videoconf\scripts\build\enum\UserProperty.js.map
E:\jitsi\work(razor)\bizgaze_meeting-master(latest-from-gyongbom)\bizgaze_meeting-master(latest-from-gyongbom)_in_trial\videoconf\scripts\build\model\ActiveDevices.js
E:\jitsi\work(razor)\bizgaze_meeting-master(latest-from-gyongbom)\bizgaze_meeting-master(latest-from-gyongbom)_in_trial\videoconf\scripts\build\model\ActiveDevices.js.map
E:\jitsi\work(razor)\bizgaze_meeting-master(latest-from-gyongbom)\bizgaze_meeting-master(latest-from-gyongbom)_in_trial\videoconf\scripts\build\components\SettingDialog.js
E:\jitsi\work(razor)\bizgaze_meeting-master(latest-from-gyongbom)\bizgaze_meeting-master(latest-from-gyongbom)_in_trial\videoconf\scripts\build\components\SettingDialog.js.map
E:\jitsi\work(razor)\bizgaze_meeting-master(latest-from-gyongbom)\bizgaze_meeting-master(latest-from-gyongbom)_in_trial\videoconf\scripts\build\file\FileMeta.js
E:\jitsi\work(razor)\bizgaze_meeting-master(latest-from-gyongbom)\bizgaze_meeting-master(latest-from-gyongbom)_in_trial\videoconf\scripts\build\file\FileMeta.js.map
E:\jitsi\work(razor)\bizgaze_meeting-master(latest-from-gyongbom)\bizgaze_meeting-master(latest-from-gyongbom)_in_trial\videoconf\scripts\build\file\FileReceiver.js
E:\jitsi\work(razor)\bizgaze_meeting-master(latest-from-gyongbom)\bizgaze_meeting-master(latest-from-gyongbom)_in_trial\videoconf\scripts\build\file\FileReceiver.js.map
E:\jitsi\work(razor)\bizgaze_meeting-master(latest-from-gyongbom)\bizgaze_meeting-master(latest-from-gyongbom)_in_trial\videoconf\scripts\build\util\TimeUtil.js
E:\jitsi\work(razor)\bizgaze_meeting-master(latest-from-gyongbom)\bizgaze_meeting-master(latest-from-gyongbom)_in_trial\videoconf\scripts\build\util\TimeUtil.js.map
E:\jitsi\work(razor)\bizgaze_meeting-master(latest-from-gyongbom)\bizgaze_meeting-master(latest-from-gyongbom)_in_trial\videoconf\scripts\build\file\FileSender.js
E:\jitsi\work(razor)\bizgaze_meeting-master(latest-from-gyongbom)\bizgaze_meeting-master(latest-from-gyongbom)_in_trial\videoconf\scripts\build\file\FileSender.js.map
E:\jitsi\work(razor)\bizgaze_meeting-master(latest-from-gyongbom)\bizgaze_meeting-master(latest-from-gyongbom)_in_trial\videoconf\scripts\build\util\random.js
E:\jitsi\work(razor)\bizgaze_meeting-master(latest-from-gyongbom)\bizgaze_meeting-master(latest-from-gyongbom)_in_trial\videoconf\scripts\build\util\random.js.map
E:\jitsi\work(razor)\bizgaze_meeting-master(latest-from-gyongbom)\bizgaze_meeting-master(latest-from-gyongbom)_in_trial\videoconf\scripts\build\components\ChattingPanel.js
E:\jitsi\work(razor)\bizgaze_meeting-master(latest-from-gyongbom)\bizgaze_meeting-master(latest-from-gyongbom)_in_trial\videoconf\scripts\build\components\ChattingPanel.js.map
E:\jitsi\work(razor)\bizgaze_meeting-master(latest-from-gyongbom)\bizgaze_meeting-master(latest-from-gyongbom)_in_trial\videoconf\scripts\build\components\ParticipantListPanel.js
E:\jitsi\work(razor)\bizgaze_meeting-master(latest-from-gyongbom)\bizgaze_meeting-master(latest-from-gyongbom)_in_trial\videoconf\scripts\build\components\ParticipantListPanel.js.map
E:\jitsi\work(razor)\bizgaze_meeting-master(latest-from-gyongbom)\bizgaze_meeting-master(latest-from-gyongbom)_in_trial\videoconf\scripts\build\enum\NotificationType.js
E:\jitsi\work(razor)\bizgaze_meeting-master(latest-from-gyongbom)\bizgaze_meeting-master(latest-from-gyongbom)_in_trial\videoconf\scripts\build\enum\NotificationType.js.map
E:\jitsi\work(razor)\bizgaze_meeting-master(latest-from-gyongbom)\bizgaze_meeting-master(latest-from-gyongbom)_in_trial\videoconf\scripts\build\protocol\jitsi.js
E:\jitsi\work(razor)\bizgaze_meeting-master(latest-from-gyongbom)\bizgaze_meeting-master(latest-from-gyongbom)_in_trial\videoconf\scripts\build\protocol\jitsi.js.map
E:\jitsi\work(razor)\bizgaze_meeting-master(latest-from-gyongbom)\bizgaze_meeting-master(latest-from-gyongbom)_in_trial\videoconf\scripts\build\components\AskDialog.js
E:\jitsi\work(razor)\bizgaze_meeting-master(latest-from-gyongbom)\bizgaze_meeting-master(latest-from-gyongbom)_in_trial\videoconf\scripts\build\components\AskDialog.js.map
E:\jitsi\work(razor)\bizgaze_meeting-master(latest-from-gyongbom)\bizgaze_meeting-master(latest-from-gyongbom)_in_trial\videoconf\scripts\build\components\ToolBar.js
E:\jitsi\work(razor)\bizgaze_meeting-master(latest-from-gyongbom)\bizgaze_meeting-master(latest-from-gyongbom)_in_trial\videoconf\scripts\build\components\ToolBar.js.map
E:\jitsi\work(razor)\bizgaze_meeting-master(latest-from-gyongbom)\bizgaze_meeting-master(latest-from-gyongbom)_in_trial\videoconf\scripts\build\components\MeetingDescriptionWidget.js
E:\jitsi\work(razor)\bizgaze_meeting-master(latest-from-gyongbom)\bizgaze_meeting-master(latest-from-gyongbom)_in_trial\videoconf\scripts\build\components\MeetingDescriptionWidget.js.map
E:\jitsi\work(razor)\bizgaze_meeting-master(latest-from-gyongbom)\bizgaze_meeting-master(latest-from-gyongbom)_in_trial\videoconf\scripts\build\components\VideoPanel.js
E:\jitsi\work(razor)\bizgaze_meeting-master(latest-from-gyongbom)\bizgaze_meeting-master(latest-from-gyongbom)_in_trial\videoconf\scripts\build\components\VideoPanel.js.map
E:\jitsi\work(razor)\bizgaze_meeting-master(latest-from-gyongbom)\bizgaze_meeting-master(latest-from-gyongbom)_in_trial\videoconf\scripts\build\components\VideoPanelGrid.js
E:\jitsi\work(razor)\bizgaze_meeting-master(latest-from-gyongbom)\bizgaze_meeting-master(latest-from-gyongbom)_in_trial\videoconf\scripts\build\components\VideoPanelGrid.js.map
E:\jitsi\work(razor)\bizgaze_meeting-master(latest-from-gyongbom)\bizgaze_meeting-master(latest-from-gyongbom)_in_trial\videoconf\scripts\build\meeting_ui.js
E:\jitsi\work(razor)\bizgaze_meeting-master(latest-from-gyongbom)\bizgaze_meeting-master(latest-from-gyongbom)_in_trial\videoconf\scripts\build\meeting_ui.js.map
E:\jitsi\work(razor)\bizgaze_meeting-master(latest-from-gyongbom)\bizgaze_meeting-master(latest-from-gyongbom)_in_trial\videoconf\scripts\build\jitsi\JitsiCommandParam.js
E:\jitsi\work(razor)\bizgaze_meeting-master(latest-from-gyongbom)\bizgaze_meeting-master(latest-from-gyongbom)_in_trial\videoconf\scripts\build\jitsi\JitsiCommandParam.js.map
E:\jitsi\work(razor)\bizgaze_meeting-master(latest-from-gyongbom)\bizgaze_meeting-master(latest-from-gyongbom)_in_trial\videoconf\scripts\build\jitsi\JitsiCommandQueue.js
E:\jitsi\work(razor)\bizgaze_meeting-master(latest-from-gyongbom)\bizgaze_meeting-master(latest-from-gyongbom)_in_trial\videoconf\scripts\build\jitsi\JitsiCommandQueue.js.map
E:\jitsi\work(razor)\bizgaze_meeting-master(latest-from-gyongbom)\bizgaze_meeting-master(latest-from-gyongbom)_in_trial\videoconf\scripts\build\meeting.js
E:\jitsi\work(razor)\bizgaze_meeting-master(latest-from-gyongbom)\bizgaze_meeting-master(latest-from-gyongbom)_in_trial\videoconf\scripts\build\meeting.js.map
E:\jitsi\work(razor)\bizgaze_meeting-master(latest-from-gyongbom)\bizgaze_meeting-master(latest-from-gyongbom)_in_trial\videoconf\scripts\build\meeting_list.js
E:\jitsi\work(razor)\bizgaze_meeting-master(latest-from-gyongbom)\bizgaze_meeting-master(latest-from-gyongbom)_in_trial\videoconf\scripts\build\meeting_list.js.map
E:\jitsi\work(razor)\bizgaze_meeting-master(latest-from-gyongbom)\bizgaze_meeting-master(latest-from-gyongbom)_in_trial\videoconf\scripts\build\snippet.js
E:\jitsi\work(razor)\bizgaze_meeting-master(latest-from-gyongbom)\bizgaze_meeting-master(latest-from-gyongbom)_in_trial\videoconf\scripts\build\snippet.js.map
E:\jitsi\work(razor)\bizgaze_meeting-master(latest-from-gyongbom)\bizgaze_meeting-master(latest-from-gyongbom)_in_trial\videoconf\scripts\build\jitsi\JitsiMediaDevices.js
E:\jitsi\work(razor)\bizgaze_meeting-master(latest-from-gyongbom)\bizgaze_meeting-master(latest-from-gyongbom)_in_trial\videoconf\scripts\build\jitsi\JitsiMediaDevices.js.map
